#
# There is insufficient memory for the Java Runtime Environment to continue.
# Native memory allocation (malloc) failed to allocate 989936 bytes. Error detail: Chunk::new
# Possible reasons:
#   The system is out of physical RAM or swap space
#   This process is running with CompressedOops enabled, and the Java Heap may be blocking the growth of the native heap
# Possible solutions:
#   Reduce memory load on the system
#   Increase physical memory or swap space
#   Check if swap backing store is full
#   Decrease Java heap size (-Xmx/-Xms)
#   Decrease number of Java threads
#   Decrease Java thread stack sizes (-Xss)
#   Set larger code cache with -XX:ReservedCodeCacheSize=
#   JVM is running with Zero Based Compressed Oops mode in which the Java heap is
#     placed in the first 32GB address space. The Java Heap base address is the
#     maximum limit for the native heap growth. Please use -XX:HeapBaseMinAddress
#     to set the Java Heap base and to place the Java Heap above 32GB virtual address.
# This output file may be truncated or incomplete.
#
#  Out of Memory Error (arena.cpp:168), pid=40024, tid=30336
#
# JRE version: OpenJDK Runtime Environment (21.0.3) (build 21.0.3+-12282718-b509.11)
# Java VM: OpenJDK 64-Bit Server VM (21.0.3+-12282718-b509.11, mixed mode, tiered, compressed oops, compressed class ptrs, g1 gc, windows-amd64)
# No core dump will be written. Minidumps are not enabled by default on client versions of Windows
#

---------------  S U M M A R Y ------------

Command Line: git4idea.http.GitAskPassApp Password for 'https://NadithSamaranayake@github.com': 

Host: 13th Gen Intel(R) Core(TM) i7-13700H, 20 cores, 15G,  Windows 11 , 64 bit Build 22621 (10.0.22621.4435)
Time: Wed Nov 13 08:15:46 2024 Sri Lanka Standard Time elapsed time: 0.690129 seconds (0d 0h 0m 0s)

---------------  T H R E A D  ---------------

Current thread (0x000001d8b6bff480):  JavaThread "C2 CompilerThread0" daemon [_thread_in_native, id=30336, stack(0x000000d62da00000,0x000000d62db00000) (1024K)]


Current CompileTask:
C2:    690 1143       4       sun.security.ec.ECOperations::setDouble (463 bytes)

Stack: [0x000000d62da00000,0x000000d62db00000]
Native frames: (J=compiled Java code, j=interpreted, Vv=VM code, C=native code)
V  [jvm.dll+0x6cafb9]
V  [jvm.dll+0x858523]
V  [jvm.dll+0x85aa7e]
V  [jvm.dll+0x85b163]
V  [jvm.dll+0x27d356]
V  [jvm.dll+0xbf93d]
V  [jvm.dll+0xbfe73]
V  [jvm.dll+0x2f0eb1]
V  [jvm.dll+0x5f5a39]
V  [jvm.dll+0x24fad2]
V  [jvm.dll+0x24fe8f]
V  [jvm.dll+0x248775]
V  [jvm.dll+0x245fce]
V  [jvm.dll+0x1c5804]
V  [jvm.dll+0x25575c]
V  [jvm.dll+0x253c36]
V  [jvm.dll+0x3ec996]
V  [jvm.dll+0x800d78]
V  [jvm.dll+0x6c98cd]
C  [ucrtbase.dll+0x29333]
C  [KERNEL32.DLL+0x1259d]
C  [ntdll.dll+0x5af38]


---------------  P R O C E S S  ---------------

Threads class SMR info:
_java_thread_list=0x000001d8bb56e9e0, length=15, elements={
0x000001d8999a3990, 0x000001d8b6c11cc0, 0x000001d8b6c14ea0, 0x000001d8b6bfaeb0,
0x000001d8b6bfb910, 0x000001d8b6bfc370, 0x000001d8b6c26f30, 0x000001d8b6bff480,
0x000001d8b6bfff20, 0x000001d8b69ad040, 0x000001d8b6ddaed0, 0x000001d8b6de0560,
0x000001d8bb4d51d0, 0x000001d8bb57e810, 0x000001d8bb5832a0
}

Java Threads: ( => current thread )
  0x000001d8999a3990 JavaThread "main"                              [_thread_blocked, id=30160, stack(0x000000d62cc00000,0x000000d62cd00000) (1024K)]
  0x000001d8b6c11cc0 JavaThread "Reference Handler"          daemon [_thread_blocked, id=16284, stack(0x000000d62d400000,0x000000d62d500000) (1024K)]
  0x000001d8b6c14ea0 JavaThread "Finalizer"                  daemon [_thread_blocked, id=35692, stack(0x000000d62d500000,0x000000d62d600000) (1024K)]
  0x000001d8b6bfaeb0 JavaThread "Signal Dispatcher"          daemon [_thread_blocked, id=26852, stack(0x000000d62d600000,0x000000d62d700000) (1024K)]
  0x000001d8b6bfb910 JavaThread "Attach Listener"            daemon [_thread_blocked, id=13560, stack(0x000000d62d700000,0x000000d62d800000) (1024K)]
  0x000001d8b6bfc370 JavaThread "Service Thread"             daemon [_thread_blocked, id=16000, stack(0x000000d62d800000,0x000000d62d900000) (1024K)]
  0x000001d8b6c26f30 JavaThread "Monitor Deflation Thread"   daemon [_thread_blocked, id=38028, stack(0x000000d62d900000,0x000000d62da00000) (1024K)]
=>0x000001d8b6bff480 JavaThread "C2 CompilerThread0"         daemon [_thread_in_native, id=30336, stack(0x000000d62da00000,0x000000d62db00000) (1024K)]
  0x000001d8b6bfff20 JavaThread "C1 CompilerThread0"         daemon [_thread_blocked, id=42384, stack(0x000000d62db00000,0x000000d62dc00000) (1024K)]
  0x000001d8b69ad040 JavaThread "C1 CompilerThread1"         daemon [_thread_blocked, id=33384, stack(0x000000d62dc00000,0x000000d62dd00000) (1024K)]
  0x000001d8b6ddaed0 JavaThread "Notification Thread"        daemon [_thread_blocked, id=42748, stack(0x000000d62dd00000,0x000000d62de00000) (1024K)]
  0x000001d8b6de0560 JavaThread "Common-Cleaner"             daemon [_thread_blocked, id=20496, stack(0x000000d62de00000,0x000000d62df00000) (1024K)]
  0x000001d8bb4d51d0 JavaThread "HttpClient-1-SelectorManager" daemon [_thread_in_native, id=29948, stack(0x000000d62df00000,0x000000d62e000000) (1024K)]
  0x000001d8bb57e810 JavaThread "HttpClient-1-Worker-0"      daemon [_thread_blocked, id=35800, stack(0x000000d62e100000,0x000000d62e200000) (1024K)]
  0x000001d8bb5832a0 JavaThread "HttpClient-1-Worker-1"      daemon [_thread_blocked, id=28216, stack(0x000000d62e200000,0x000000d62e300000) (1024K)]
Total: 15

Other Threads:
  0x000001d8b6b788e0 VMThread "VM Thread"                           [id=28060, stack(0x000000d62d300000,0x000000d62d400000) (1024K)] _threads_hazard_ptr=0x000001d8bb56e9e0
  0x000001d89bd42bb0 WorkerThread "GC Thread#0"                     [id=36932, stack(0x000000d62cd00000,0x000000d62ce00000) (1024K)]
  0x000001d89bd535a0 ConcurrentGCThread "G1 Main Marker"            terminated
  0x000001d89bd54210 WorkerThread "G1 Conc#0"                       [id=30780, stack(0x000000d62cf00000,0x000000d62d000000) (1024K)]
  0x000001d8b687f8f0 ConcurrentGCThread "G1 Refine#0"               terminated
  0x000001d8b6880370 ConcurrentGCThread "G1 Service"                terminated
Total: 6

Threads with active compile tasks:
C2 CompilerThread0      715 1143       4       sun.security.ec.ECOperations::setDouble (463 bytes)
Total: 1

VM state: at safepoint (normal execution)

VM Mutex/Monitor currently owned by a thread:  ([mutex/lock_event])
[0x00007ffc2c1120c8] Threads_lock - owner thread: 0x000001d8b6b788e0
[0x00007ffc2c1121c8] Heap_lock - owner thread: 0x000001d8999a3990

Heap address: 0x0000000705e00000, size: 4002 MB, Compressed Oops mode: Zero based, Oop shift amount: 3

CDS archive(s) not mapped
Compressed class space mapped at: 0x0000000800000000-0x0000000840000000, reserved size: 1073741824
Narrow klass base: 0x0000000800000000, Narrow klass shift: 0, Narrow klass range: 0x40000000

GC Precious Log:
 CardTable entry size: 512
 Card Set container configuration: InlinePtr #cards 4 size 8 Array Of Cards #cards 16 size 48 Howl #buckets 8 coarsen threshold 3686 Howl Bitmap #cards 512 size 80 coarsen threshold 460 Card regions per heap region 1 cards per card region 4096
 CPUs: 20 total, 20 available
 Memory: 16003M
 Large Page Support: Disabled
 NUMA Support: Disabled
 Compressed Oops: Enabled (Zero based)
 Heap Region Size: 2M
 Heap Min Capacity: 8M
 Heap Initial Capacity: 252M
 Heap Max Capacity: 4002M
 Pre-touch: Disabled
 Parallel Workers: 15
 Concurrent Workers: 4
 Concurrent Refinement Workers: 15
 Periodic GC: Disabled

Heap:
 garbage-first heap   total 258048K, used 16384K [0x0000000705e00000, 0x0000000800000000)
  region size 2048K, 9 young (18432K), 0 survivors (0K)
 Metaspace       used 17255K, committed 17536K, reserved 1114112K
  class space    used 1854K, committed 1984K, reserved 1048576K

Heap Regions: E=young(eden), S=young(survivor), O=old, HS=humongous(starts), HC=humongous(continues), CS=collection set, F=free, TAMS=top-at-mark-start, PB=parsable bottom
|   0|0x0000000705e00000, 0x0000000705e00000, 0x0000000706000000|  0%| F|  |TAMS 0x0000000705e00000| PB 0x0000000705e00000| Untracked 
|   1|0x0000000706000000, 0x0000000706000000, 0x0000000706200000|  0%| F|  |TAMS 0x0000000706000000| PB 0x0000000706000000| Untracked 
|   2|0x0000000706200000, 0x0000000706200000, 0x0000000706400000|  0%| F|  |TAMS 0x0000000706200000| PB 0x0000000706200000| Untracked 
|   3|0x0000000706400000, 0x0000000706400000, 0x0000000706600000|  0%| F|  |TAMS 0x0000000706400000| PB 0x0000000706400000| Untracked 
|   4|0x0000000706600000, 0x0000000706600000, 0x0000000706800000|  0%| F|  |TAMS 0x0000000706600000| PB 0x0000000706600000| Untracked 
|   5|0x0000000706800000, 0x0000000706800000, 0x0000000706a00000|  0%| F|  |TAMS 0x0000000706800000| PB 0x0000000706800000| Untracked 
|   6|0x0000000706a00000, 0x0000000706a00000, 0x0000000706c00000|  0%| F|  |TAMS 0x0000000706a00000| PB 0x0000000706a00000| Untracked 
|   7|0x0000000706c00000, 0x0000000706c00000, 0x0000000706e00000|  0%| F|  |TAMS 0x0000000706c00000| PB 0x0000000706c00000| Untracked 
|   8|0x0000000706e00000, 0x0000000706e00000, 0x0000000707000000|  0%| F|  |TAMS 0x0000000706e00000| PB 0x0000000706e00000| Untracked 
|   9|0x0000000707000000, 0x0000000707000000, 0x0000000707200000|  0%| F|  |TAMS 0x0000000707000000| PB 0x0000000707000000| Untracked 
|  10|0x0000000707200000, 0x0000000707200000, 0x0000000707400000|  0%| F|  |TAMS 0x0000000707200000| PB 0x0000000707200000| Untracked 
|  11|0x0000000707400000, 0x0000000707400000, 0x0000000707600000|  0%| F|  |TAMS 0x0000000707400000| PB 0x0000000707400000| Untracked 
|  12|0x0000000707600000, 0x0000000707600000, 0x0000000707800000|  0%| F|  |TAMS 0x0000000707600000| PB 0x0000000707600000| Untracked 
|  13|0x0000000707800000, 0x0000000707800000, 0x0000000707a00000|  0%| F|  |TAMS 0x0000000707800000| PB 0x0000000707800000| Untracked 
|  14|0x0000000707a00000, 0x0000000707a00000, 0x0000000707c00000|  0%| F|  |TAMS 0x0000000707a00000| PB 0x0000000707a00000| Untracked 
|  15|0x0000000707c00000, 0x0000000707c00000, 0x0000000707e00000|  0%| F|  |TAMS 0x0000000707c00000| PB 0x0000000707c00000| Untracked 
|  16|0x0000000707e00000, 0x0000000707e00000, 0x0000000708000000|  0%| F|  |TAMS 0x0000000707e00000| PB 0x0000000707e00000| Untracked 
|  17|0x0000000708000000, 0x0000000708000000, 0x0000000708200000|  0%| F|  |TAMS 0x0000000708000000| PB 0x0000000708000000| Untracked 
|  18|0x0000000708200000, 0x0000000708200000, 0x0000000708400000|  0%| F|  |TAMS 0x0000000708200000| PB 0x0000000708200000| Untracked 
|  19|0x0000000708400000, 0x0000000708400000, 0x0000000708600000|  0%| F|  |TAMS 0x0000000708400000| PB 0x0000000708400000| Untracked 
|  20|0x0000000708600000, 0x0000000708600000, 0x0000000708800000|  0%| F|  |TAMS 0x0000000708600000| PB 0x0000000708600000| Untracked 
|  21|0x0000000708800000, 0x0000000708800000, 0x0000000708a00000|  0%| F|  |TAMS 0x0000000708800000| PB 0x0000000708800000| Untracked 
|  22|0x0000000708a00000, 0x0000000708a00000, 0x0000000708c00000|  0%| F|  |TAMS 0x0000000708a00000| PB 0x0000000708a00000| Untracked 
|  23|0x0000000708c00000, 0x0000000708c00000, 0x0000000708e00000|  0%| F|  |TAMS 0x0000000708c00000| PB 0x0000000708c00000| Untracked 
|  24|0x0000000708e00000, 0x0000000708e00000, 0x0000000709000000|  0%| F|  |TAMS 0x0000000708e00000| PB 0x0000000708e00000| Untracked 
|  25|0x0000000709000000, 0x0000000709000000, 0x0000000709200000|  0%| F|  |TAMS 0x0000000709000000| PB 0x0000000709000000| Untracked 
|  26|0x0000000709200000, 0x0000000709200000, 0x0000000709400000|  0%| F|  |TAMS 0x0000000709200000| PB 0x0000000709200000| Untracked 
|  27|0x0000000709400000, 0x0000000709400000, 0x0000000709600000|  0%| F|  |TAMS 0x0000000709400000| PB 0x0000000709400000| Untracked 
|  28|0x0000000709600000, 0x0000000709600000, 0x0000000709800000|  0%| F|  |TAMS 0x0000000709600000| PB 0x0000000709600000| Untracked 
|  29|0x0000000709800000, 0x0000000709800000, 0x0000000709a00000|  0%| F|  |TAMS 0x0000000709800000| PB 0x0000000709800000| Untracked 
|  30|0x0000000709a00000, 0x0000000709a00000, 0x0000000709c00000|  0%| F|  |TAMS 0x0000000709a00000| PB 0x0000000709a00000| Untracked 
|  31|0x0000000709c00000, 0x0000000709c00000, 0x0000000709e00000|  0%| F|  |TAMS 0x0000000709c00000| PB 0x0000000709c00000| Untracked 
|  32|0x0000000709e00000, 0x0000000709e00000, 0x000000070a000000|  0%| F|  |TAMS 0x0000000709e00000| PB 0x0000000709e00000| Untracked 
|  33|0x000000070a000000, 0x000000070a000000, 0x000000070a200000|  0%| F|  |TAMS 0x000000070a000000| PB 0x000000070a000000| Untracked 
|  34|0x000000070a200000, 0x000000070a200000, 0x000000070a400000|  0%| F|  |TAMS 0x000000070a200000| PB 0x000000070a200000| Untracked 
|  35|0x000000070a400000, 0x000000070a400000, 0x000000070a600000|  0%| F|  |TAMS 0x000000070a400000| PB 0x000000070a400000| Untracked 
|  36|0x000000070a600000, 0x000000070a600000, 0x000000070a800000|  0%| F|  |TAMS 0x000000070a600000| PB 0x000000070a600000| Untracked 
|  37|0x000000070a800000, 0x000000070a800000, 0x000000070aa00000|  0%| F|  |TAMS 0x000000070a800000| PB 0x000000070a800000| Untracked 
|  38|0x000000070aa00000, 0x000000070aa00000, 0x000000070ac00000|  0%| F|  |TAMS 0x000000070aa00000| PB 0x000000070aa00000| Untracked 
|  39|0x000000070ac00000, 0x000000070ac00000, 0x000000070ae00000|  0%| F|  |TAMS 0x000000070ac00000| PB 0x000000070ac00000| Untracked 
|  40|0x000000070ae00000, 0x000000070ae00000, 0x000000070b000000|  0%| F|  |TAMS 0x000000070ae00000| PB 0x000000070ae00000| Untracked 
|  41|0x000000070b000000, 0x000000070b000000, 0x000000070b200000|  0%| F|  |TAMS 0x000000070b000000| PB 0x000000070b000000| Untracked 
|  42|0x000000070b200000, 0x000000070b200000, 0x000000070b400000|  0%| F|  |TAMS 0x000000070b200000| PB 0x000000070b200000| Untracked 
|  43|0x000000070b400000, 0x000000070b400000, 0x000000070b600000|  0%| F|  |TAMS 0x000000070b400000| PB 0x000000070b400000| Untracked 
|  44|0x000000070b600000, 0x000000070b600000, 0x000000070b800000|  0%| F|  |TAMS 0x000000070b600000| PB 0x000000070b600000| Untracked 
|  45|0x000000070b800000, 0x000000070b800000, 0x000000070ba00000|  0%| F|  |TAMS 0x000000070b800000| PB 0x000000070b800000| Untracked 
|  46|0x000000070ba00000, 0x000000070ba00000, 0x000000070bc00000|  0%| F|  |TAMS 0x000000070ba00000| PB 0x000000070ba00000| Untracked 
|  47|0x000000070bc00000, 0x000000070bc00000, 0x000000070be00000|  0%| F|  |TAMS 0x000000070bc00000| PB 0x000000070bc00000| Untracked 
|  48|0x000000070be00000, 0x000000070be00000, 0x000000070c000000|  0%| F|  |TAMS 0x000000070be00000| PB 0x000000070be00000| Untracked 
|  49|0x000000070c000000, 0x000000070c000000, 0x000000070c200000|  0%| F|  |TAMS 0x000000070c000000| PB 0x000000070c000000| Untracked 
|  50|0x000000070c200000, 0x000000070c200000, 0x000000070c400000|  0%| F|  |TAMS 0x000000070c200000| PB 0x000000070c200000| Untracked 
|  51|0x000000070c400000, 0x000000070c400000, 0x000000070c600000|  0%| F|  |TAMS 0x000000070c400000| PB 0x000000070c400000| Untracked 
|  52|0x000000070c600000, 0x000000070c600000, 0x000000070c800000|  0%| F|  |TAMS 0x000000070c600000| PB 0x000000070c600000| Untracked 
|  53|0x000000070c800000, 0x000000070c800000, 0x000000070ca00000|  0%| F|  |TAMS 0x000000070c800000| PB 0x000000070c800000| Untracked 
|  54|0x000000070ca00000, 0x000000070ca00000, 0x000000070cc00000|  0%| F|  |TAMS 0x000000070ca00000| PB 0x000000070ca00000| Untracked 
|  55|0x000000070cc00000, 0x000000070cc00000, 0x000000070ce00000|  0%| F|  |TAMS 0x000000070cc00000| PB 0x000000070cc00000| Untracked 
|  56|0x000000070ce00000, 0x000000070ce00000, 0x000000070d000000|  0%| F|  |TAMS 0x000000070ce00000| PB 0x000000070ce00000| Untracked 
|  57|0x000000070d000000, 0x000000070d000000, 0x000000070d200000|  0%| F|  |TAMS 0x000000070d000000| PB 0x000000070d000000| Untracked 
|  58|0x000000070d200000, 0x000000070d200000, 0x000000070d400000|  0%| F|  |TAMS 0x000000070d200000| PB 0x000000070d200000| Untracked 
|  59|0x000000070d400000, 0x000000070d400000, 0x000000070d600000|  0%| F|  |TAMS 0x000000070d400000| PB 0x000000070d400000| Untracked 
|  60|0x000000070d600000, 0x000000070d600000, 0x000000070d800000|  0%| F|  |TAMS 0x000000070d600000| PB 0x000000070d600000| Untracked 
|  61|0x000000070d800000, 0x000000070d800000, 0x000000070da00000|  0%| F|  |TAMS 0x000000070d800000| PB 0x000000070d800000| Untracked 
|  62|0x000000070da00000, 0x000000070da00000, 0x000000070dc00000|  0%| F|  |TAMS 0x000000070da00000| PB 0x000000070da00000| Untracked 
|  63|0x000000070dc00000, 0x000000070dc00000, 0x000000070de00000|  0%| F|  |TAMS 0x000000070dc00000| PB 0x000000070dc00000| Untracked 
|  64|0x000000070de00000, 0x000000070de00000, 0x000000070e000000|  0%| F|  |TAMS 0x000000070de00000| PB 0x000000070de00000| Untracked 
|  65|0x000000070e000000, 0x000000070e000000, 0x000000070e200000|  0%| F|  |TAMS 0x000000070e000000| PB 0x000000070e000000| Untracked 
|  66|0x000000070e200000, 0x000000070e200000, 0x000000070e400000|  0%| F|  |TAMS 0x000000070e200000| PB 0x000000070e200000| Untracked 
|  67|0x000000070e400000, 0x000000070e400000, 0x000000070e600000|  0%| F|  |TAMS 0x000000070e400000| PB 0x000000070e400000| Untracked 
|  68|0x000000070e600000, 0x000000070e600000, 0x000000070e800000|  0%| F|  |TAMS 0x000000070e600000| PB 0x000000070e600000| Untracked 
|  69|0x000000070e800000, 0x000000070e800000, 0x000000070ea00000|  0%| F|  |TAMS 0x000000070e800000| PB 0x000000070e800000| Untracked 
|  70|0x000000070ea00000, 0x000000070ea00000, 0x000000070ec00000|  0%| F|  |TAMS 0x000000070ea00000| PB 0x000000070ea00000| Untracked 
|  71|0x000000070ec00000, 0x000000070ec00000, 0x000000070ee00000|  0%| F|  |TAMS 0x000000070ec00000| PB 0x000000070ec00000| Untracked 
|  72|0x000000070ee00000, 0x000000070ee00000, 0x000000070f000000|  0%| F|  |TAMS 0x000000070ee00000| PB 0x000000070ee00000| Untracked 
|  73|0x000000070f000000, 0x000000070f000000, 0x000000070f200000|  0%| F|  |TAMS 0x000000070f000000| PB 0x000000070f000000| Untracked 
|  74|0x000000070f200000, 0x000000070f200000, 0x000000070f400000|  0%| F|  |TAMS 0x000000070f200000| PB 0x000000070f200000| Untracked 
|  75|0x000000070f400000, 0x000000070f400000, 0x000000070f600000|  0%| F|  |TAMS 0x000000070f400000| PB 0x000000070f400000| Untracked 
|  76|0x000000070f600000, 0x000000070f600000, 0x000000070f800000|  0%| F|  |TAMS 0x000000070f600000| PB 0x000000070f600000| Untracked 
|  77|0x000000070f800000, 0x000000070f800000, 0x000000070fa00000|  0%| F|  |TAMS 0x000000070f800000| PB 0x000000070f800000| Untracked 
|  78|0x000000070fa00000, 0x000000070fa00000, 0x000000070fc00000|  0%| F|  |TAMS 0x000000070fa00000| PB 0x000000070fa00000| Untracked 
|  79|0x000000070fc00000, 0x000000070fc00000, 0x000000070fe00000|  0%| F|  |TAMS 0x000000070fc00000| PB 0x000000070fc00000| Untracked 
|  80|0x000000070fe00000, 0x000000070fe00000, 0x0000000710000000|  0%| F|  |TAMS 0x000000070fe00000| PB 0x000000070fe00000| Untracked 
|  81|0x0000000710000000, 0x0000000710000000, 0x0000000710200000|  0%| F|  |TAMS 0x0000000710000000| PB 0x0000000710000000| Untracked 
|  82|0x0000000710200000, 0x0000000710200000, 0x0000000710400000|  0%| F|  |TAMS 0x0000000710200000| PB 0x0000000710200000| Untracked 
|  83|0x0000000710400000, 0x0000000710400000, 0x0000000710600000|  0%| F|  |TAMS 0x0000000710400000| PB 0x0000000710400000| Untracked 
|  84|0x0000000710600000, 0x0000000710600000, 0x0000000710800000|  0%| F|  |TAMS 0x0000000710600000| PB 0x0000000710600000| Untracked 
|  85|0x0000000710800000, 0x0000000710800000, 0x0000000710a00000|  0%| F|  |TAMS 0x0000000710800000| PB 0x0000000710800000| Untracked 
|  86|0x0000000710a00000, 0x0000000710a00000, 0x0000000710c00000|  0%| F|  |TAMS 0x0000000710a00000| PB 0x0000000710a00000| Untracked 
|  87|0x0000000710c00000, 0x0000000710c00000, 0x0000000710e00000|  0%| F|  |TAMS 0x0000000710c00000| PB 0x0000000710c00000| Untracked 
|  88|0x0000000710e00000, 0x0000000710e00000, 0x0000000711000000|  0%| F|  |TAMS 0x0000000710e00000| PB 0x0000000710e00000| Untracked 
|  89|0x0000000711000000, 0x0000000711000000, 0x0000000711200000|  0%| F|  |TAMS 0x0000000711000000| PB 0x0000000711000000| Untracked 
|  90|0x0000000711200000, 0x0000000711200000, 0x0000000711400000|  0%| F|  |TAMS 0x0000000711200000| PB 0x0000000711200000| Untracked 
|  91|0x0000000711400000, 0x0000000711400000, 0x0000000711600000|  0%| F|  |TAMS 0x0000000711400000| PB 0x0000000711400000| Untracked 
|  92|0x0000000711600000, 0x0000000711600000, 0x0000000711800000|  0%| F|  |TAMS 0x0000000711600000| PB 0x0000000711600000| Untracked 
|  93|0x0000000711800000, 0x0000000711800000, 0x0000000711a00000|  0%| F|  |TAMS 0x0000000711800000| PB 0x0000000711800000| Untracked 
|  94|0x0000000711a00000, 0x0000000711a00000, 0x0000000711c00000|  0%| F|  |TAMS 0x0000000711a00000| PB 0x0000000711a00000| Untracked 
|  95|0x0000000711c00000, 0x0000000711c00000, 0x0000000711e00000|  0%| F|  |TAMS 0x0000000711c00000| PB 0x0000000711c00000| Untracked 
|  96|0x0000000711e00000, 0x0000000711e00000, 0x0000000712000000|  0%| F|  |TAMS 0x0000000711e00000| PB 0x0000000711e00000| Untracked 
|  97|0x0000000712000000, 0x0000000712000000, 0x0000000712200000|  0%| F|  |TAMS 0x0000000712000000| PB 0x0000000712000000| Untracked 
|  98|0x0000000712200000, 0x0000000712200000, 0x0000000712400000|  0%| F|  |TAMS 0x0000000712200000| PB 0x0000000712200000| Untracked 
|  99|0x0000000712400000, 0x0000000712400000, 0x0000000712600000|  0%| F|  |TAMS 0x0000000712400000| PB 0x0000000712400000| Untracked 
| 100|0x0000000712600000, 0x0000000712600000, 0x0000000712800000|  0%| F|  |TAMS 0x0000000712600000| PB 0x0000000712600000| Untracked 
| 101|0x0000000712800000, 0x0000000712800000, 0x0000000712a00000|  0%| F|  |TAMS 0x0000000712800000| PB 0x0000000712800000| Untracked 
| 102|0x0000000712a00000, 0x0000000712a00000, 0x0000000712c00000|  0%| F|  |TAMS 0x0000000712a00000| PB 0x0000000712a00000| Untracked 
| 103|0x0000000712c00000, 0x0000000712c00000, 0x0000000712e00000|  0%| F|  |TAMS 0x0000000712c00000| PB 0x0000000712c00000| Untracked 
| 104|0x0000000712e00000, 0x0000000712e00000, 0x0000000713000000|  0%| F|  |TAMS 0x0000000712e00000| PB 0x0000000712e00000| Untracked 
| 105|0x0000000713000000, 0x0000000713000000, 0x0000000713200000|  0%| F|  |TAMS 0x0000000713000000| PB 0x0000000713000000| Untracked 
| 106|0x0000000713200000, 0x0000000713200000, 0x0000000713400000|  0%| F|  |TAMS 0x0000000713200000| PB 0x0000000713200000| Untracked 
| 107|0x0000000713400000, 0x0000000713400000, 0x0000000713600000|  0%| F|  |TAMS 0x0000000713400000| PB 0x0000000713400000| Untracked 
| 108|0x0000000713600000, 0x0000000713600000, 0x0000000713800000|  0%| F|  |TAMS 0x0000000713600000| PB 0x0000000713600000| Untracked 
| 109|0x0000000713800000, 0x0000000713800000, 0x0000000713a00000|  0%| F|  |TAMS 0x0000000713800000| PB 0x0000000713800000| Untracked 
| 110|0x0000000713a00000, 0x0000000713a00000, 0x0000000713c00000|  0%| F|  |TAMS 0x0000000713a00000| PB 0x0000000713a00000| Untracked 
| 111|0x0000000713c00000, 0x0000000713c00000, 0x0000000713e00000|  0%| F|  |TAMS 0x0000000713c00000| PB 0x0000000713c00000| Untracked 
| 112|0x0000000713e00000, 0x0000000713e00000, 0x0000000714000000|  0%| F|  |TAMS 0x0000000713e00000| PB 0x0000000713e00000| Untracked 
| 113|0x0000000714000000, 0x0000000714000000, 0x0000000714200000|  0%| F|  |TAMS 0x0000000714000000| PB 0x0000000714000000| Untracked 
| 114|0x0000000714200000, 0x0000000714200000, 0x0000000714400000|  0%| F|  |TAMS 0x0000000714200000| PB 0x0000000714200000| Untracked 
| 115|0x0000000714400000, 0x0000000714400000, 0x0000000714600000|  0%| F|  |TAMS 0x0000000714400000| PB 0x0000000714400000| Untracked 
| 116|0x0000000714600000, 0x0000000714600000, 0x0000000714800000|  0%| F|  |TAMS 0x0000000714600000| PB 0x0000000714600000| Untracked 
| 117|0x0000000714800000, 0x00000007148e3080, 0x0000000714a00000| 44%| E|  |TAMS 0x0000000714800000| PB 0x0000000714800000| Complete 
| 118|0x0000000714a00000, 0x0000000714c00000, 0x0000000714c00000|100%| E|CS|TAMS 0x0000000714a00000| PB 0x0000000714a00000| Complete 
| 119|0x0000000714c00000, 0x0000000714e00000, 0x0000000714e00000|100%| E|CS|TAMS 0x0000000714c00000| PB 0x0000000714c00000| Complete 
| 120|0x0000000714e00000, 0x0000000715000000, 0x0000000715000000|100%| E|CS|TAMS 0x0000000714e00000| PB 0x0000000714e00000| Complete 
| 121|0x0000000715000000, 0x0000000715200000, 0x0000000715200000|100%| E|CS|TAMS 0x0000000715000000| PB 0x0000000715000000| Complete 
| 122|0x0000000715200000, 0x0000000715400000, 0x0000000715400000|100%| E|CS|TAMS 0x0000000715200000| PB 0x0000000715200000| Complete 
| 123|0x0000000715400000, 0x0000000715600000, 0x0000000715600000|100%| E|CS|TAMS 0x0000000715400000| PB 0x0000000715400000| Complete 
| 124|0x0000000715600000, 0x0000000715800000, 0x0000000715800000|100%| E|CS|TAMS 0x0000000715600000| PB 0x0000000715600000| Complete 
| 125|0x0000000715800000, 0x0000000715a00000, 0x0000000715a00000|100%| E|CS|TAMS 0x0000000715800000| PB 0x0000000715800000| Complete 

Card table byte_map: [0x000001d8af0a0000,0x000001d8af880000] _byte_map_base: 0x000001d8ab871000

Marking Bits: (CMBitMap*) 0x000001d89bd432b0
 Bits: [0x000001d8af880000, 0x000001d8b3708000)

Polling page: 0x000001d899c70000

Metaspace:

Usage:
  Non-class:     15.04 MB used.
      Class:      1.81 MB used.
       Both:     16.85 MB used.

Virtual space:
  Non-class space:       64.00 MB reserved,      15.19 MB ( 24%) committed,  1 nodes.
      Class space:        1.00 GB reserved,       1.94 MB ( <1%) committed,  1 nodes.
             Both:        1.06 GB reserved,      17.12 MB (  2%) committed. 

Chunk freelists:
   Non-Class:  652.00 KB
       Class:  14.08 MB
        Both:  14.71 MB

MaxMetaspaceSize: unlimited
CompressedClassSpaceSize: 1.00 GB
Initial GC threshold: 21.00 MB
Current GC threshold: 21.00 MB
CDS: off
 - commit_granule_bytes: 65536.
 - commit_granule_words: 8192.
 - virtual_space_node_default_size: 8388608.
 - enlarge_chunks_in_place: 1.
 - use_allocation_guard: 0.


Internal statistics:

num_allocs_failed_limit: 0.
num_arena_births: 266.
num_arena_deaths: 0.
num_vsnodes_births: 2.
num_vsnodes_deaths: 0.
num_space_committed: 274.
num_space_uncommitted: 0.
num_chunks_returned_to_freelist: 0.
num_chunks_taken_from_freelist: 469.
num_chunk_merges: 0.
num_chunk_splits: 266.
num_chunks_enlarged: 126.
num_inconsistent_stats: 0.

CodeHeap 'non-profiled nmethods': size=119168Kb used=373Kb max_used=373Kb free=118794Kb
 bounds [0x000001d8a69c0000, 0x000001d8a6c30000, 0x000001d8ade20000]
CodeHeap 'profiled nmethods': size=119104Kb used=2311Kb max_used=2311Kb free=116792Kb
 bounds [0x000001d89ee20000, 0x000001d89f090000, 0x000001d8a6270000]
CodeHeap 'non-nmethods': size=7488Kb used=1975Kb max_used=1988Kb free=5513Kb
 bounds [0x000001d8a6270000, 0x000001d8a64e0000, 0x000001d8a69c0000]
 total_blobs=1805 nmethods=1287 adapters=422
 compilation: enabled
              stopped_count=0, restarted_count=0
 full_count=0

Compilation events (20 events):
Event: 0.686 Thread 0x000001d8b69ad040 nmethod 1283 0x000001d89f05ad10 code [0x000001d89f05aee0, 0x000001d89f05b338]
Event: 0.686 Thread 0x000001d8b69ad040 1285       3       java.net.URL::getDefaultPort (8 bytes)
Event: 0.686 Thread 0x000001d8b69ad040 nmethod 1285 0x000001d89f05b510 code [0x000001d89f05b6c0, 0x000001d89f05b8a0]
Event: 0.686 Thread 0x000001d8b69ad040 1286       3       java.net.URL::toString (5 bytes)
Event: 0.686 Thread 0x000001d8b69ad040 nmethod 1286 0x000001d89f05b990 code [0x000001d89f05bb40, 0x000001d89f05bd78]
Event: 0.686 Thread 0x000001d8b69ad040 1287       3       java.net.URL::toExternalForm (9 bytes)
Event: 0.687 Thread 0x000001d8b69ad040 nmethod 1287 0x000001d89f05be90 code [0x000001d89f05c040, 0x000001d89f05c220]
Event: 0.687 Thread 0x000001d8b69ad040 1288       3       java.net.URLStreamHandler::toExternalForm (156 bytes)
Event: 0.687 Thread 0x000001d8b69ad040 nmethod 1288 0x000001d89f05c310 code [0x000001d89f05c700, 0x000001d89f05dc88]
Event: 0.687 Thread 0x000001d8b69ad040 1291       3       java.security.SecureClassLoader::getProtectionDomain (37 bytes)
Event: 0.687 Thread 0x000001d8b6bfff20 nmethod 1284 0x000001d89f05e490 code [0x000001d89f05e7c0, 0x000001d89f05f790]
Event: 0.687 Thread 0x000001d8b6bfff20 1292       3       java.security.SecureClassLoader$CodeSourceKey::<init> (10 bytes)
Event: 0.687 Thread 0x000001d8b6bfff20 nmethod 1292 0x000001d89f05fd90 code [0x000001d89f05ff40, 0x000001d89f060168]
Event: 0.687 Thread 0x000001d8b6bfff20 1293       3       java.lang.ClassLoader::getNamedPackage (73 bytes)
Event: 0.687 Thread 0x000001d8b69ad040 nmethod 1291 0x000001d89f060290 code [0x000001d89f060480, 0x000001d89f060b18]
Event: 0.687 Thread 0x000001d8b69ad040 1289       3       java.nio.DirectByteBufferR::slice (5 bytes)
Event: 0.687 Thread 0x000001d8b69ad040 nmethod 1289 0x000001d89f060d10 code [0x000001d89f060ec0, 0x000001d89f060ff8]
Event: 0.687 Thread 0x000001d8b69ad040 1290       3       java.nio.DirectByteBufferR::slice (74 bytes)
Event: 0.688 Thread 0x000001d8b69ad040 nmethod 1290 0x000001d89f061090 code [0x000001d89f061240, 0x000001d89f061500]
Event: 0.688 Thread 0x000001d8b6bfff20 nmethod 1293 0x000001d89f061610 code [0x000001d89f061800, 0x000001d89f061d70]

GC Heap History (0 events):
No events

Dll operation events (2 events):
Event: 0.006 Loaded shared library C:\Users\ASUS ZENBOOK\AppData\Local\Programs\Android Studio\jbr\bin\java.dll
Event: 0.012 Loaded shared library C:\Users\ASUS ZENBOOK\AppData\Local\Programs\Android Studio\jbr\bin\zip.dll

Deoptimization events (16 events):
Event: 0.221 Thread 0x000001d8999a3990 Uncommon trap: trap_request=0xffffff45 fr.pc=0x000001d8a69d3814 relative=0x0000000000000074
Event: 0.221 Thread 0x000001d8999a3990 Uncommon trap: reason=unstable_if action=reinterpret pc=0x000001d8a69d3814 method=java.lang.CharacterDataLatin1.toLowerCase(I)I @ 16 c2
Event: 0.221 Thread 0x000001d8999a3990 DEOPT PACKING pc=0x000001d8a69d3814 sp=0x000000d62ccfb050
Event: 0.221 Thread 0x000001d8999a3990 DEOPT UNPACKING pc=0x000001d8a62c46a2 sp=0x000000d62ccfafe0 mode 2
Event: 0.286 Thread 0x000001d8999a3990 Uncommon trap: trap_request=0xffffff45 fr.pc=0x000001d8a69dcf34 relative=0x00000000000004d4
Event: 0.286 Thread 0x000001d8999a3990 Uncommon trap: reason=unstable_if action=reinterpret pc=0x000001d8a69dcf34 method=java.lang.AbstractStringBuilder.inflateIfNeededFor(Ljava/lang/String;)V @ 14 c2
Event: 0.286 Thread 0x000001d8999a3990 DEOPT PACKING pc=0x000001d8a69dcf34 sp=0x000000d62ccfdd40
Event: 0.286 Thread 0x000001d8999a3990 DEOPT UNPACKING pc=0x000001d8a62c46a2 sp=0x000000d62ccfdbe0 mode 2
Event: 0.287 Thread 0x000001d8999a3990 DEOPT PACKING pc=0x000001d89ee693a3 sp=0x000000d62ccfde20
Event: 0.287 Thread 0x000001d8999a3990 DEOPT UNPACKING pc=0x000001d8a62c4e42 sp=0x000000d62ccfd2b8 mode 0
Event: 0.294 Thread 0x000001d8999a3990 Uncommon trap: trap_request=0xffffff45 fr.pc=0x000001d8a69ddbac relative=0x000000000000008c
Event: 0.294 Thread 0x000001d8999a3990 Uncommon trap: reason=unstable_if action=reinterpret pc=0x000001d8a69ddbac method=jdk.internal.misc.Unsafe.convEndian(ZI)I @ 4 c2
Event: 0.294 Thread 0x000001d8999a3990 DEOPT PACKING pc=0x000001d8a69ddbac sp=0x000000d62ccfde10
Event: 0.294 Thread 0x000001d8999a3990 DEOPT UNPACKING pc=0x000001d8a62c46a2 sp=0x000000d62ccfdd40 mode 2
Event: 0.330 Thread 0x000001d8999a3990 DEOPT PACKING pc=0x000001d89ee3a6f8 sp=0x000000d62ccfca20
Event: 0.330 Thread 0x000001d8999a3990 DEOPT UNPACKING pc=0x000001d8a62c4e42 sp=0x000000d62ccfbe40 mode 0

Classes loaded (20 events):
Event: 0.675 Loading class java/util/stream/Sink$OfLong done
Event: 0.675 Loading class java/util/stream/FindOps$FindSink$OfLong done
Event: 0.675 Loading class java/util/OptionalLong
Event: 0.675 Loading class java/util/OptionalLong done
Event: 0.676 Loading class java/util/stream/ReferencePipeline$5$1
Event: 0.676 Loading class java/util/stream/ReferencePipeline$5$1 done
Event: 0.676 Loading class java/lang/IllegalAccessException
Event: 0.676 Loading class java/lang/IllegalAccessException done
Event: 0.676 Loading class java/lang/invoke/VarHandleBytes$FieldInstanceReadWrite
Event: 0.676 Loading class java/lang/invoke/VarHandleBytes$FieldInstanceReadOnly
Event: 0.676 Loading class java/lang/invoke/VarHandleBytes$FieldInstanceReadOnly done
Event: 0.677 Loading class java/lang/invoke/VarHandleBytes$FieldInstanceReadWrite done
Event: 0.683 Loading class java/nio/HeapByteBufferR
Event: 0.683 Loading class java/nio/HeapByteBufferR done
Event: 0.687 Loading class java/util/LinkedList$DescendingIterator
Event: 0.687 Loading class java/util/LinkedList$DescendingIterator done
Event: 0.687 Loading class java/lang/Shutdown
Event: 0.687 Loading class java/lang/Shutdown done
Event: 0.688 Loading class java/lang/Shutdown$Lock
Event: 0.688 Loading class java/lang/Shutdown$Lock done

Classes unloaded (0 events):
No events

Classes redefined (0 events):
No events

Internal exceptions (20 events):
Event: 0.335 Thread 0x000001d8999a3990 Exception <a 'java/lang/NoSuchMethodError'{0x000000071530f270}: 'int java.lang.invoke.DirectMethodHandle$Holder.invokeStaticInit(java.lang.Object, float, float)'> (0x000000071530f270) 
thrown [s\src\hotspot\share\interpreter\linkResolver.cpp, line 784]
Event: 0.336 Thread 0x000001d8999a3990 Exception <a 'java/lang/NoSuchMethodError'{0x0000000715315b80}: 'int java.lang.invoke.DirectMethodHandle$Holder.invokeStaticInit(java.lang.Object, double, double)'> (0x0000000715315b80) 
thrown [s\src\hotspot\share\interpreter\linkResolver.cpp, line 784]
Event: 0.336 Thread 0x000001d8999a3990 Exception <a 'java/lang/NoSuchMethodError'{0x000000071531a008}: 'int java.lang.invoke.DirectMethodHandle$Holder.invokeStatic(java.lang.Object, long)'> (0x000000071531a008) 
thrown [s\src\hotspot\share\interpreter\linkResolver.cpp, line 784]
Event: 0.340 Thread 0x000001d8999a3990 Exception <a 'java/lang/NoSuchMethodError'{0x0000000715345e88}: 'java.lang.Object java.lang.invoke.DelegatingMethodHandle$Holder.delegate(java.lang.Object, int, java.lang.Object, java.lang.Object)'> (0x0000000715345e88) 
thrown [s\src\hotspot\share\interpreter\linkResolver.cpp, line 784]
Event: 0.341 Thread 0x000001d8999a3990 Exception <a 'java/lang/NoSuchMethodError'{0x00000007153555a0}: 'int java.lang.invoke.Invokers$Holder.linkToTargetMethod(java.lang.Object, java.lang.Object, java.lang.Object)'> (0x00000007153555a0) 
thrown [s\src\hotspot\share\interpreter\linkResolver.cpp, line 784]
Event: 0.344 Thread 0x000001d8999a3990 Exception <a 'java/lang/NoSuchMethodError'{0x0000000715384080}: 'long java.lang.invoke.DirectMethodHandle$Holder.invokeSpecial(java.lang.Object, java.lang.Object)'> (0x0000000715384080) 
thrown [s\src\hotspot\share\interpreter\linkResolver.cpp, line 784]
Event: 0.345 Thread 0x000001d8999a3990 Exception <a 'java/lang/NoSuchMethodError'{0x000000071538a780}: 'int java.lang.invoke.DirectMethodHandle$Holder.invokeStatic(java.lang.Object, java.lang.Object, java.lang.Object, java.lang.Object)'> (0x000000071538a780) 
thrown [s\src\hotspot\share\interpreter\linkResolver.cpp, line 784]
Event: 0.345 Thread 0x000001d8999a3990 Exception <a 'java/lang/NoSuchMethodError'{0x000000071538db50}: 'java.lang.Object java.lang.invoke.Invokers$Holder.invokeExact_MT(java.lang.Object, java.lang.Object, java.lang.Object, java.lang.Object, java.lang.Object, java.lang.Object)'> (0x000000071538db50) 
thrown [s\src\hotspot\share\interpreter\linkResolver.cpp, line 784]
Event: 0.409 Thread 0x000001d8999a3990 Exception <a 'java/lang/NoSuchMethodError'{0x00000007151cf050}: 'java.lang.Object java.lang.invoke.DirectMethodHandle$Holder.newInvokeSpecial(java.lang.Object, java.lang.Object, java.lang.Object, java.lang.Object, java.lang.Object)'> (0x00000007151cf050) 
thrown [s\src\hotspot\share\interpreter\linkResolver.cpp, line 784]
Event: 0.435 Thread 0x000001d8999a3990 Exception <a 'java/lang/NoSuchMethodError'{0x0000000714f20200}: 'java.lang.Object java.lang.invoke.DirectMethodHandle$Holder.invokeSpecial(java.lang.Object, java.lang.Object, java.lang.Object, java.lang.Object, int)'> (0x0000000714f20200) 
thrown [s\src\hotspot\share\interpreter\linkResolver.cpp, line 784]
Event: 0.435 Thread 0x000001d8999a3990 Exception <a 'java/lang/NoSuchMethodError'{0x0000000714f23b48}: 'java.lang.Object java.lang.invoke.Invokers$Holder.linkToTargetMethod(java.lang.Object, java.lang.Object, int, java.lang.Object)'> (0x0000000714f23b48) 
thrown [s\src\hotspot\share\interpreter\linkResolver.cpp, line 784]
Event: 0.442 Thread 0x000001d8999a3990 Exception <a 'java/lang/NoSuchMethodError'{0x0000000714f4e820}: 'void java.lang.invoke.DirectMethodHandle$Holder.invokeSpecial(java.lang.Object, java.lang.Object, java.lang.Object)'> (0x0000000714f4e820) 
thrown [s\src\hotspot\share\interpreter\linkResolver.cpp, line 784]
Event: 0.456 Thread 0x000001d8999a3990 Exception <a 'java/lang/NoSuchMethodError'{0x0000000714fc5418}: 'void java.lang.invoke.DirectMethodHandle$Holder.invokeSpecial(java.lang.Object, java.lang.Object, java.lang.Object, java.lang.Object, java.lang.Object)'> (0x0000000714fc5418) 
thrown [s\src\hotspot\share\interpreter\linkResolver.cpp, line 784]
Event: 0.456 Thread 0x000001d8bb4d51d0 Exception <a 'java/lang/NoSuchMethodError'{0x0000000715176490}: 'void java.lang.invoke.DirectMethodHandle$Holder.invokeStatic(java.lang.Object, java.lang.Object, int)'> (0x0000000715176490) 
thrown [s\src\hotspot\share\interpreter\linkResolver.cpp, line 784]
Event: 0.467 Thread 0x000001d8bb4d51d0 Exception <a 'java/lang/NoSuchMethodError'{0x00000007151aebb0}: 'void java.lang.invoke.DirectMethodHandle$Holder.invokeStatic(java.lang.Object, java.lang.Object)'> (0x00000007151aebb0) 
thrown [s\src\hotspot\share\interpreter\linkResolver.cpp, line 784]
Event: 0.470 Thread 0x000001d8bb57e810 Exception <a 'java/lang/NoSuchMethodError'{0x0000000714c1f978}: 'void java.lang.invoke.DirectMethodHandle$Holder.invokeInterface(java.lang.Object, java.lang.Object, java.lang.Object)'> (0x0000000714c1f978) 
thrown [s\src\hotspot\share\interpreter\linkResolver.cpp, line 784]
Event: 0.480 Thread 0x000001d8bb57e810 Exception <a 'java/lang/NoSuchMethodError'{0x0000000714c688e0}: 'void java.lang.invoke.DirectMethodHandle$Holder.invokeVirtual(java.lang.Object, java.lang.Object)'> (0x0000000714c688e0) 
thrown [s\src\hotspot\share\interpreter\linkResolver.cpp, line 784]
Event: 0.611 Thread 0x000001d8bb57e810 Exception <a 'java/lang/NoSuchMethodError'{0x0000000714a66f80}: 'void java.lang.invoke.DirectMethodHandle$Holder.invokeInterface(java.lang.Object, java.lang.Object)'> (0x0000000714a66f80) 
thrown [s\src\hotspot\share\interpreter\linkResolver.cpp, line 784]
Event: 0.642 Thread 0x000001d8bb57e810 Exception <a 'java/lang/NoSuchMethodError'{0x0000000714ad7ca0}: 'void java.lang.invoke.DirectMethodHandle$Holder.invokeStatic(java.lang.Object, java.lang.Object, java.lang.Object, java.lang.Object)'> (0x0000000714ad7ca0) 
thrown [s\src\hotspot\share\interpreter\linkResolver.cpp, line 784]
Event: 0.681 Thread 0x000001d8bb57e810 Exception <a 'java/lang/NoSuchMethodError'{0x000000071486bac8}: 'void java.lang.invoke.DirectMethodHandle$Holder.invokeSpecial(java.lang.Object, java.lang.Object, java.lang.Object, java.lang.Object, java.lang.Object, java.lang.Object, java.lang.Object)'> (0x000000071486bac8) 
thrown [s\src\hotspot\share\interpreter\linkResolver.cpp, line 784]

ZGC Phase Switch (0 events):
No events

VM Operations (15 events):
Event: 0.113 Executing VM operation: HandshakeAllThreads (Deoptimize)
Event: 0.113 Executing VM operation: HandshakeAllThreads (Deoptimize) done
Event: 0.121 Executing VM operation: HandshakeAllThreads (Deoptimize)
Event: 0.121 Executing VM operation: HandshakeAllThreads (Deoptimize) done
Event: 0.274 Executing VM operation: HandshakeAllThreads (Deoptimize)
Event: 0.275 Executing VM operation: HandshakeAllThreads (Deoptimize) done
Event: 0.461 Executing VM operation: HandshakeAllThreads (Deoptimize)
Event: 0.461 Executing VM operation: HandshakeAllThreads (Deoptimize) done
Event: 0.613 Executing VM operation: ICBufferFull
Event: 0.613 Executing VM operation: ICBufferFull done
Event: 0.672 Executing VM operation: HandshakeAllThreads (Deoptimize)
Event: 0.672 Executing VM operation: HandshakeAllThreads (Deoptimize) done
Event: 0.683 Executing VM operation: HandshakeAllThreads (Deoptimize)
Event: 0.683 Executing VM operation: HandshakeAllThreads (Deoptimize) done
Event: 0.688 Executing VM operation: Exit

Events (20 events):
Event: 0.011 Thread 0x000001d8999a3990 Thread added: 0x000001d8999a3990
Event: 0.052 Thread 0x000001d8b6c11cc0 Thread added: 0x000001d8b6c11cc0
Event: 0.052 Thread 0x000001d8b6c14ea0 Thread added: 0x000001d8b6c14ea0
Event: 0.053 Thread 0x000001d8b6bfaeb0 Thread added: 0x000001d8b6bfaeb0
Event: 0.053 Thread 0x000001d8b6bfb910 Thread added: 0x000001d8b6bfb910
Event: 0.054 Thread 0x000001d8b6bfc370 Thread added: 0x000001d8b6bfc370
Event: 0.054 Thread 0x000001d8b6c26f30 Thread added: 0x000001d8b6c26f30
Event: 0.054 Thread 0x000001d8b6bff480 Thread added: 0x000001d8b6bff480
Event: 0.054 Thread 0x000001d8b6bfff20 Thread added: 0x000001d8b6bfff20
Event: 0.084 Thread 0x000001d8b69ad040 Thread added: 0x000001d8b69ad040
Event: 0.089 Thread 0x000001d8b6ddaed0 Thread added: 0x000001d8b6ddaed0
Event: 0.095 Thread 0x000001d8b6de0560 Thread added: 0x000001d8b6de0560
Event: 0.101 Loaded shared library C:\Users\ASUS ZENBOOK\AppData\Local\Programs\Android Studio\jbr\bin\net.dll
Event: 0.103 Loaded shared library C:\Users\ASUS ZENBOOK\AppData\Local\Programs\Android Studio\jbr\bin\nio.dll
Event: 0.109 Loaded shared library C:\Users\ASUS ZENBOOK\AppData\Local\Programs\Android Studio\jbr\bin\zip.dll
Event: 0.171 Loaded shared library C:\Users\ASUS ZENBOOK\AppData\Local\Programs\Android Studio\jbr\bin\jimage.dll
Event: 0.400 Loaded shared library C:\Users\ASUS ZENBOOK\AppData\Local\Programs\Android Studio\jbr\bin\extnet.dll
Event: 0.405 Thread 0x000001d8bb4d51d0 Thread added: 0x000001d8bb4d51d0
Event: 0.466 Thread 0x000001d8bb57e810 Thread added: 0x000001d8bb57e810
Event: 0.490 Thread 0x000001d8bb5832a0 Thread added: 0x000001d8bb5832a0


Dynamic libraries:
0x00007ff689130000 - 0x00007ff68913a000 	C:\Users\ASUS ZENBOOK\AppData\Local\Programs\Android Studio\jbr\bin\java.exe
0x00007ffcd2710000 - 0x00007ffcd2927000 	C:\Windows\SYSTEM32\ntdll.dll
0x00007ffcd1300000 - 0x00007ffcd13c4000 	C:\Windows\System32\KERNEL32.DLL
0x00007ffccfb10000 - 0x00007ffccfecb000 	C:\Windows\System32\KERNELBASE.dll
0x00007ffcd0130000 - 0x00007ffcd0241000 	C:\Windows\System32\ucrtbase.dll
0x00007ffc9fe50000 - 0x00007ffc9fe68000 	C:\Users\ASUS ZENBOOK\AppData\Local\Programs\Android Studio\jbr\bin\jli.dll
0x00007ffcb8b00000 - 0x00007ffcb8b1b000 	C:\Users\ASUS ZENBOOK\AppData\Local\Programs\Android Studio\jbr\bin\VCRUNTIME140.dll
0x00007ffcd0660000 - 0x00007ffcd080f000 	C:\Windows\System32\USER32.dll
0x00007ffcd02d0000 - 0x00007ffcd02f6000 	C:\Windows\System32\win32u.dll
0x00007ffcb34c0000 - 0x00007ffcb3752000 	C:\Windows\WinSxS\amd64_microsoft.windows.common-controls_6595b64144ccf1df_6.0.22621.4435_none_270f767f73860d61\COMCTL32.dll
0x00007ffcd1d80000 - 0x00007ffcd1da9000 	C:\Windows\System32\GDI32.dll
0x00007ffccf9f0000 - 0x00007ffccfb0b000 	C:\Windows\System32\gdi32full.dll
0x00007ffcd0300000 - 0x00007ffcd039a000 	C:\Windows\System32\msvcp_win.dll
0x00007ffcd1960000 - 0x00007ffcd1a07000 	C:\Windows\System32\msvcrt.dll
0x00007ffcd2630000 - 0x00007ffcd2661000 	C:\Windows\System32\IMM32.DLL
0x00007ffcc8d00000 - 0x00007ffcc8d0c000 	C:\Users\ASUS ZENBOOK\AppData\Local\Programs\Android Studio\jbr\bin\vcruntime140_1.dll
0x00007ffc750d0000 - 0x00007ffc7515d000 	C:\Users\ASUS ZENBOOK\AppData\Local\Programs\Android Studio\jbr\bin\msvcp140.dll
0x00007ffc2b570000 - 0x00007ffc2c1ed000 	C:\Users\ASUS ZENBOOK\AppData\Local\Programs\Android Studio\jbr\bin\server\jvm.dll
0x00007ffcd1a10000 - 0x00007ffcd1ac2000 	C:\Windows\System32\ADVAPI32.dll
0x00007ffcd1cd0000 - 0x00007ffcd1d77000 	C:\Windows\System32\sechost.dll
0x00007ffccff90000 - 0x00007ffccffb8000 	C:\Windows\System32\bcrypt.dll
0x00007ffcd11e0000 - 0x00007ffcd12f4000 	C:\Windows\System32\RPCRT4.dll
0x00007ffcd1ad0000 - 0x00007ffcd1b41000 	C:\Windows\System32\WS2_32.dll
0x00007ffcce880000 - 0x00007ffcce8cd000 	C:\Windows\SYSTEM32\POWRPROF.dll
0x00007ffcc11b0000 - 0x00007ffcc11e4000 	C:\Windows\SYSTEM32\WINMM.dll
0x00007ffcb2fe0000 - 0x00007ffcb2fea000 	C:\Windows\SYSTEM32\VERSION.dll
0x00007ffcce860000 - 0x00007ffcce873000 	C:\Windows\SYSTEM32\UMPDC.dll
0x00007ffcceac0000 - 0x00007ffccead8000 	C:\Windows\SYSTEM32\kernel.appcore.dll
0x00007ffcc8460000 - 0x00007ffcc846a000 	C:\Users\ASUS ZENBOOK\AppData\Local\Programs\Android Studio\jbr\bin\jimage.dll
0x00007ffccd070000 - 0x00007ffccd2a2000 	C:\Windows\SYSTEM32\DBGHELP.DLL
0x00007ffcd0cd0000 - 0x00007ffcd105f000 	C:\Windows\System32\combase.dll
0x00007ffcd0bf0000 - 0x00007ffcd0cc7000 	C:\Windows\System32\OLEAUT32.dll
0x00007ffca3d70000 - 0x00007ffca3da2000 	C:\Windows\SYSTEM32\dbgcore.DLL
0x00007ffcd03a0000 - 0x00007ffcd041b000 	C:\Windows\System32\bcryptPrimitives.dll
0x00007ffcb8a50000 - 0x00007ffcb8a6f000 	C:\Users\ASUS ZENBOOK\AppData\Local\Programs\Android Studio\jbr\bin\java.dll
0x00007ffcb87c0000 - 0x00007ffcb87d8000 	C:\Users\ASUS ZENBOOK\AppData\Local\Programs\Android Studio\jbr\bin\zip.dll
0x00007ffcd1db0000 - 0x00007ffcd262d000 	C:\Windows\System32\SHELL32.dll
0x00007ffccd8f0000 - 0x00007ffcce1fc000 	C:\Windows\SYSTEM32\windows.storage.dll
0x00007ffccd7b0000 - 0x00007ffccd8ef000 	C:\Windows\SYSTEM32\wintypes.dll
0x00007ffcd0810000 - 0x00007ffcd090a000 	C:\Windows\System32\SHCORE.dll
0x00007ffcd0440000 - 0x00007ffcd049e000 	C:\Windows\System32\shlwapi.dll
0x00007ffccf920000 - 0x00007ffccf94b000 	C:\Windows\SYSTEM32\profapi.dll
0x00007ffcbbd20000 - 0x00007ffcbbd30000 	C:\Users\ASUS ZENBOOK\AppData\Local\Programs\Android Studio\jbr\bin\net.dll
0x00007ffcc93b0000 - 0x00007ffcc94e6000 	C:\Windows\SYSTEM32\WINHTTP.dll
0x00007ffccefa0000 - 0x00007ffccf009000 	C:\Windows\system32\mswsock.dll
0x00007ffcb8790000 - 0x00007ffcb87a6000 	C:\Users\ASUS ZENBOOK\AppData\Local\Programs\Android Studio\jbr\bin\nio.dll
0x00007ffccf1f0000 - 0x00007ffccf20b000 	C:\Windows\SYSTEM32\CRYPTSP.dll
0x00007ffccea80000 - 0x00007ffcceab5000 	C:\Windows\system32\rsaenh.dll
0x00007ffccf090000 - 0x00007ffccf0b8000 	C:\Windows\SYSTEM32\USERENV.dll
0x00007ffccf210000 - 0x00007ffccf21c000 	C:\Windows\SYSTEM32\CRYPTBASE.dll
0x00007ffcce450000 - 0x00007ffcce47d000 	C:\Windows\SYSTEM32\IPHLPAPI.DLL
0x00007ffcd11d0000 - 0x00007ffcd11d9000 	C:\Windows\System32\NSI.dll
0x00007ffc9ff20000 - 0x00007ffc9ff28000 	C:\Windows\system32\wshunix.dll
0x00007ffcc7700000 - 0x00007ffcc7709000 	C:\Users\ASUS ZENBOOK\AppData\Local\Programs\Android Studio\jbr\bin\extnet.dll

dbghelp: loaded successfully - version: 4.0.5 - missing functions: none
symbol engine: initialized successfully - sym options: 0x614 - pdb path: .;C:\Users\ASUS ZENBOOK\AppData\Local\Programs\Android Studio\jbr\bin;C:\Windows\SYSTEM32;C:\Windows\WinSxS\amd64_microsoft.windows.common-controls_6595b64144ccf1df_6.0.22621.4435_none_270f767f73860d61;C:\Users\ASUS ZENBOOK\AppData\Local\Programs\Android Studio\jbr\bin\server

VM Arguments:
java_command: git4idea.http.GitAskPassApp Password for 'https://NadithSamaranayake@github.com': 
java_class_path (initial): C:/Users/ASUS ZENBOOK/AppData/Local/Programs/Android Studio/plugins/vcs-git/lib/git4idea-rt.jar;C:/Users/ASUS ZENBOOK/AppData/Local/Programs/Android Studio/lib/externalProcess-rt.jar
Launcher Type: SUN_STANDARD

[Global flags]
     intx CICompilerCount                          = 12                                        {product} {ergonomic}
     uint ConcGCThreads                            = 4                                         {product} {ergonomic}
     uint G1ConcRefinementThreads                  = 15                                        {product} {ergonomic}
   size_t G1HeapRegionSize                         = 2097152                                   {product} {ergonomic}
    uintx GCDrainStackTargetSize                   = 64                                        {product} {ergonomic}
   size_t InitialHeapSize                          = 264241152                                 {product} {ergonomic}
   size_t MarkStackSize                            = 4194304                                   {product} {ergonomic}
   size_t MaxHeapSize                              = 4196401152                                {product} {ergonomic}
   size_t MaxNewSize                               = 2516582400                                {product} {ergonomic}
   size_t MinHeapDeltaBytes                        = 2097152                                   {product} {ergonomic}
   size_t MinHeapSize                              = 8388608                                   {product} {ergonomic}
    uintx NonNMethodCodeHeapSize                   = 7602480                                {pd product} {ergonomic}
    uintx NonProfiledCodeHeapSize                  = 122027880                              {pd product} {ergonomic}
    uintx ProfiledCodeHeapSize                     = 122027880                              {pd product} {ergonomic}
    uintx ReservedCodeCacheSize                    = 251658240                              {pd product} {ergonomic}
     bool SegmentedCodeCache                       = true                                      {product} {ergonomic}
   size_t SoftMaxHeapSize                          = 4196401152                             {manageable} {ergonomic}
     bool UseCompressedOops                        = true                           {product lp64_product} {ergonomic}
     bool UseG1GC                                  = true                                      {product} {ergonomic}
     bool UseLargePagesIndividualAllocation        = false                                  {pd product} {ergonomic}

Logging:
Log output configuration:
 #0: stdout all=warning uptime,level,tags foldmultilines=false
 #1: stderr all=off uptime,level,tags foldmultilines=false

Environment Variables:
JAVA_HOME=C:\Program Files\Java\jdk-17
PATH=C:/Program Files/Git/mingw64/libexec/git-core;C:/Program Files/Git/mingw64/libexec/git-core;C:\Program Files\Git\mingw64\bin;C:\Program Files\Git\usr\bin;C:\Users\ASUS ZENBOOK\bin;C:\Users\ASUS ZENBOOK\AppData\Local\Programs\Python\Python312\Scripts\;C:\Users\ASUS ZENBOOK\AppData\Local\Programs\Python\Python312\;C:\Program Files\Common Files\Oracle\Java\javapath;C:\Program Files (x86)\Common Files\Oracle\Java\java8path;C:\Program Files (x86)\Common Files\Oracle\Java\javapath;C:\Windows\system32;C:\Windows;C:\Windows\System32\Wbem;C:\Windows\System32\WindowsPowerShell\v1.0\;C:\Windows\System32\OpenSSH\;C:\Program Files\Microsoft SQL Server\150\Tools\Binn\;C:\Program Files\Microsoft SQL Server\Client SDK\ODBC\170\Tools\Binn\;C:\Program Files\dotnet\;C:\Program Files (x86)\Microsoft SQL Server\160\Tools\Binn\;C:\Program Files\Microsoft SQL Server\160\Tools\Binn\;C:\Program Files\Microsoft SQL Server\160\DTS\Binn\;C:\Program Files (x86)\Microsoft SQL Server\160\DTS\Binn\;C:\Program Files\Azure Data Studio\bin;C:\sqlite\sqlite-tools-win-x64-3450300;C:\Program Files\nodejs\;C:\ProgramData\chocolatey\bin;C:\Program Files\Cloudflare\Cloudflare WARP\;C:\Program Files\PuTTY\;C:\Program Files\Git\cmd;D:\Sonar\sonar-scanner\sonar-scanner-6.2.1.4610-windows-x64\bin;C:\Program Files\Docker\Docker\resources\bin;C:\Program Files\Java\jdk-17\bin;C:\Users\ASUS ZENBOOK\AppData\Local\Pub\Cache\bin;C:\AndroidSDK\Sdk;D:\ApacheMaven\apache-maven-3.8.8-bin\apache-maven-3.8.8\bin;D:\MySQL\mysql-5.6.51-winx64\mysql-5.6.51-winx64\bin;D:\ApacheTomcat\apache-tomcat-8.5.93-windows-x64\apache-tomcat-8.5.93\bin;C:\Program Files\MySQL\MySQL Shell 8.0\bin\;C:\Users\ASUS ZENBOOK\anaconda3;C:\Users\ASUS ZENBOOK\anaconda3\Library\mingw-w64\bin;C:\Users\ASUS ZENBOOK\anaconda3\Library\usr\bin;C:\Users\ASUS ZENBOOK\anaconda3\Library\bin;C:\Users\ASUS ZENBOOK\anaconda3\Scripts;C:\Users\ASUS ZENBOOK\AppData\Local\Microsoft\WindowsApps;C:\Users\ASUS ZENBOOK\AppData\Local\Programs\Microsoft VS Code\bin;C:\Program Files\JetBrains\IntelliJ IDEA 2023.2.5\bin;C:\Users\ASUS ZENBOOK\.dotnet\tools;C:\Users\ASUS ZENBOOK\AppData\Local\JetBrains\Toolbox\scripts;C:\Program Files\Azure Data Studio\bin;C:\src\flutter\flutter\bin;C:\Users\ASUS ZENBOOK\AppData\Roaming\npm;C:\Users\ASUS ZENBOOK\AppData\Local\Google\Cloud SDK\google-cloud-sdk\bin
USERNAME=ASUS ZENBOOK
DISPLAY=:0.0
LC_ALL=en_US.UTF-8
TERM=xterm-256color
TMPDIR=C:\Users\ASUSZE~1\AppData\Local\Temp
OS=Windows_NT
PROCESSOR_IDENTIFIER=Intel64 Family 6 Model 186 Stepping 2, GenuineIntel
TMP=C:\Users\ASUSZE~1\AppData\Local\Temp
TEMP=C:\Users\ASUSZE~1\AppData\Local\Temp




Periodic native trim disabled

JNI global refs:
JNI global refs: 28, weak refs: 0

JNI global refs memory usage: 835, weak refs: 833

Process memory usage:
Resident Set Size: 83900K (0% of 16387268K total physical memory with 328368K free physical memory)

OOME stack traces (most recent first):
Classloader memory used:
Loader bootstrap                                                                       : 15340K
Loader jdk.internal.loader.ClassLoaders$PlatformClassLoader                            : 1895K
Loader jdk.internal.loader.ClassLoaders$AppClassLoader                                 : 20424B

---------------  S Y S T E M  ---------------

OS:
 Windows 11 , 64 bit Build 22621 (10.0.22621.4435)
OS uptime: 2 days 4:04 hours
Hyper-V role detected

CPU: total 20 (initial active 20) (10 cores per cpu, 2 threads per core) family 6 model 186 stepping 2 microcode 0x410e, cx8, cmov, fxsr, ht, mmx, 3dnowpref, sse, sse2, sse3, ssse3, sse4.1, sse4.2, popcnt, lzcnt, tsc, tscinvbit, avx, avx2, aes, erms, clmul, bmi1, bmi2, adx, sha, fma, vzeroupper, clflush, clflushopt, clwb, hv, serialize, rdtscp, rdpid, fsrm, f16c, cet_ibt, cet_ss
Processor Information for processor 0
  Max Mhz: 2400, Current Mhz: 2400, Mhz Limit: 2400
Processor Information for processor 1
  Max Mhz: 2400, Current Mhz: 1520, Mhz Limit: 2400
Processor Information for processor 2
  Max Mhz: 2400, Current Mhz: 2400, Mhz Limit: 2400
Processor Information for processor 3
  Max Mhz: 2400, Current Mhz: 2400, Mhz Limit: 2400
Processor Information for processor 4
  Max Mhz: 2400, Current Mhz: 2400, Mhz Limit: 2400
Processor Information for processor 5
  Max Mhz: 2400, Current Mhz: 2400, Mhz Limit: 2400
Processor Information for processor 6
  Max Mhz: 2400, Current Mhz: 2400, Mhz Limit: 2400
Processor Information for processor 7
  Max Mhz: 2400, Current Mhz: 2400, Mhz Limit: 2400
Processor Information for processor 8
  Max Mhz: 2400, Current Mhz: 2400, Mhz Limit: 2400
Processor Information for processor 9
  Max Mhz: 2400, Current Mhz: 2400, Mhz Limit: 2400
Processor Information for processor 10
  Max Mhz: 2400, Current Mhz: 2400, Mhz Limit: 2400
Processor Information for processor 11
  Max Mhz: 2400, Current Mhz: 2400, Mhz Limit: 2400
Processor Information for processor 12
  Max Mhz: 2400, Current Mhz: 1466, Mhz Limit: 2400
Processor Information for processor 13
  Max Mhz: 2400, Current Mhz: 1466, Mhz Limit: 2400
Processor Information for processor 14
  Max Mhz: 2400, Current Mhz: 1466, Mhz Limit: 2400
Processor Information for processor 15
  Max Mhz: 2400, Current Mhz: 2400, Mhz Limit: 2400
Processor Information for processor 16
  Max Mhz: 2400, Current Mhz: 1466, Mhz Limit: 2400
Processor Information for processor 17
  Max Mhz: 2400, Current Mhz: 1466, Mhz Limit: 2400
Processor Information for processor 18
  Max Mhz: 2400, Current Mhz: 2400, Mhz Limit: 2400
Processor Information for processor 19
  Max Mhz: 2400, Current Mhz: 1466, Mhz Limit: 2400

Memory: 4k page, system-wide physical 16003M (320M free)
TotalPageFile size 32387M (AvailPageFile size 2M)
current process WorkingSet (physical memory assigned to process): 81M, peak: 81M
current process commit charge ("private bytes"): 371M, peak: 374M

vm_info: OpenJDK 64-Bit Server VM (21.0.3+-12282718-b509.11) for windows-amd64 JRE (21.0.3+-12282718-b509.11), built on 2024-08-27T17:34:15Z by "builder" with MS VC++ 16.10 / 16.11 (VS2019)

END.
